<?xml version="1.0" encoding="UTF-8"?>
<!-- Generated by org.testng.reporters.JUnitReportReporter -->
<testsuite hostname="LAPTOP-4TVV0GHV" failures="0" tests="2" name="executePageClasses.HomePageTestClass" time="21.970" errors="0" timestamp="2024-01-11T15:10:08 IST" skipped="0">
  <testcase classname="executePageClasses.HomePageTestClass" name="verifyUserCanLogoutSuccessfully" time="12.041"/>
  <system-out/>
  <testcase classname="executePageClasses.HomePageTestClass" name="verifyAllTilesAreDisplayedInHomePage" time="9.929"/>
  <system-out/>
</testsuite> <!-- executePageClasses.HomePageTestClass -->
