<?xml version="1.0" encoding="UTF-8"?>
<!-- Generated by org.testng.reporters.JUnitReportReporter -->
<testsuite hostname="LAPTOP-4TVV0GHV" failures="0" tests="5" name="executePageClasses.LoginPageTestClass" time="48.686" errors="0" timestamp="2024-01-11T15:10:08 IST" skipped="0">
  <testcase classname="executePageClasses.LoginPageTestClass" name="verifyCorrectPageIsLoadedWhileHittingTheUrl" time="6.562"/>
  <system-out/>
  <testcase classname="executePageClasses.LoginPageTestClass" name="verifySuccessfullLogin" time="9.200"/>
  <system-out/>
  <testcase classname="executePageClasses.LoginPageTestClass" name="verifyUnsuccessfullLogin" time="7.480"/>
  <system-out/>
  <testcase classname="executePageClasses.LoginPageTestClass" name="verifyUnsuccessfullLogin" time="11.235"/>
  <system-out/>
  <testcase classname="executePageClasses.LoginPageTestClass" name="verifyUnsuccessfullLogin" time="14.209"/>
  <system-out/>
</testsuite> <!-- executePageClasses.LoginPageTestClass -->
