<?xml version="1.0" encoding="UTF-8"?>
<!-- Generated by org.testng.reporters.JUnitReportReporter -->
<testsuite hostname="LAPTOP-4TVV0GHV" failures="0" tests="1" name="executePageClasses.LogOutTestClass" time="8.181" errors="0" timestamp="2024-01-08T10:36:30 IST" skipped="0">
  <testcase classname="executePageClasses.LogOutTestClass" name="verifyUserCanLogoutSuccessfully" time="8.181"/>
  <system-out/>
</testsuite> <!-- executePageClasses.LogOutTestClass -->
