<?xml version="1.0" encoding="UTF-8"?>
<!-- Generated by org.testng.reporters.JUnitReportReporter -->
<testsuite hostname="LAPTOP-4TVV0GHV" failures="0" tests="4" name="executePageClasses.HomePageTestClass" time="43.376" errors="0" timestamp="2024-01-11T12:22:20 IST" skipped="0">
  <testcase classname="executePageClasses.HomePageTestClass" name="verifyUserCanLogoutSuccessfully" time="12.252"/>
  <system-out/>
  <testcase classname="executePageClasses.HomePageTestClass" name="verifyAllTilesAreDisplayedInHomePage" time="11.166"/>
  <system-out/>
  <testcase classname="executePageClasses.HomePageTestClass" name="verifyUserCanLogoutSuccessfully" time="10.927"/>
  <system-out/>
  <testcase classname="executePageClasses.HomePageTestClass" name="verifyAllTilesAreDisplayedInHomePage" time="9.031"/>
  <system-out/>
</testsuite> <!-- executePageClasses.HomePageTestClass -->
