<?xml version="1.0" encoding="UTF-8"?>
<!-- Generated by org.testng.reporters.JUnitReportReporter -->
<testsuite hostname="LAPTOP-4TVV0GHV" failures="0" tests="10" name="executePageClasses.LoginPageTestClass" time="87.129" errors="0" timestamp="2024-01-11T12:22:20 IST" skipped="0">
  <testcase classname="executePageClasses.LoginPageTestClass" name="verifyCorrectPageIsLoadedWhileHittingTheUrl" time="6.448"/>
  <system-out/>
  <testcase classname="executePageClasses.LoginPageTestClass" name="verifyCorrectPageIsLoadedWhileHittingTheUrl" time="7.016"/>
  <system-out/>
  <testcase classname="executePageClasses.LoginPageTestClass" name="verifySuccessfullLogin" time="8.729"/>
  <system-out/>
  <testcase classname="executePageClasses.LoginPageTestClass" name="verifySuccessfullLogin" time="13.707"/>
  <system-out/>
  <testcase classname="executePageClasses.LoginPageTestClass" name="verifyUnsuccessfullLogin" time="7.643"/>
  <system-out/>
  <testcase classname="executePageClasses.LoginPageTestClass" name="verifyUnsuccessfullLogin" time="9.085"/>
  <system-out/>
  <testcase classname="executePageClasses.LoginPageTestClass" name="verifyUnsuccessfullLogin" time="8.468"/>
  <system-out/>
  <testcase classname="executePageClasses.LoginPageTestClass" name="verifyUnsuccessfullLogin" time="8.559"/>
  <system-out/>
  <testcase classname="executePageClasses.LoginPageTestClass" name="verifyUnsuccessfullLogin" time="9.632"/>
  <system-out/>
  <testcase classname="executePageClasses.LoginPageTestClass" name="verifyUnsuccessfullLogin" time="7.842"/>
  <system-out/>
</testsuite> <!-- executePageClasses.LoginPageTestClass -->
